Using pre-set license
Built from '2020.3/staging' branch; Version is '2020.3.8f1 (507919d4fff5) revision 5273881'; Using compiler version '192528614'; Build Type 'Release'
OS: 'Windows 10 Enterprise; OS build 19042.985; Version 2009; 64bit' Language: 'en' Physical Memory: 32667 MB
BatchMode: 1, IsHumanControllingUs: 0, StartBugReporterOnCrash: 0, Is64bit: 1, IsPro: 0

 COMMAND LINE ARGUMENTS:
D:\Program Files\Unity\2020.3.8f1\Editor\Unity.exe
-adb2
-batchMode
-noUpm
-name
AssetImportWorker0
-projectPath
D:/ONE DRIVE/OneDrive - University of Tulsa/_PROJECTS/Unity/GenCyber-2021/GenCyber-2021/GenCyber-2021
-logFile
Logs/AssetImportWorker0.log
-srvPort
54957
Successfully changed project path to: D:/ONE DRIVE/OneDrive - University of Tulsa/_PROJECTS/Unity/GenCyber-2021/GenCyber-2021/GenCyber-2021
D:/ONE DRIVE/OneDrive - University of Tulsa/_PROJECTS/Unity/GenCyber-2021/GenCyber-2021/GenCyber-2021
Using Asset Import Pipeline V2.
Refreshing native plugins compatible for Editor in 30.75 ms, found 0 plugins.
Preloading 0 native plugins for Editor in 0.00 ms.
Initialize engine version: 2020.3.8f1 (507919d4fff5)
[Subsystems] Discovering subsystems at path D:/Program Files/Unity/2020.3.8f1/Editor/Data/Resources/UnitySubsystems
[Subsystems] Discovering subsystems at path D:/ONE DRIVE/OneDrive - University of Tulsa/_PROJECTS/Unity/GenCyber-2021/GenCyber-2021/GenCyber-2021/Assets
GfxDevice: creating device client; threaded=0
Direct3D:
    Version:  Direct3D 11.0 [level 11.1]
    Renderer: NVIDIA GeForce GTX 1080 Ti (ID=0x1b06)
    Vendor:   
    VRAM:     11127 MB
    Driver:   23.21.13.9125
Initialize mono
Mono path[0] = 'D:/Program Files/Unity/2020.3.8f1/Editor/Data/Managed'
Mono path[1] = 'D:/Program Files/Unity/2020.3.8f1/Editor/Data/MonoBleedingEdge/lib/mono/unityjit'
Mono config path = 'D:/Program Files/Unity/2020.3.8f1/Editor/Data/MonoBleedingEdge/etc'
Using monoOptions --debugger-agent=transport=dt_socket,embedding=1,server=y,suspend=n,address=127.0.0.1:56408
Begin MonoManager ReloadAssembly
Registering precompiled unity dll's ...
Register platform support module: D:/Program Files/Unity/2020.3.8f1/Editor/Data/PlaybackEngines/WebGLSupport/UnityEditor.WebGL.Extensions.dll
Register platform support module: D:/Program Files/Unity/2020.3.8f1/Editor/Data/PlaybackEngines/WindowsStandaloneSupport/UnityEditor.WindowsStandalone.Extensions.dll
Registered in 0.003814 seconds.
Native extension for WindowsStandalone target not found
Native extension for WebGL target not found
Refreshing native plugins compatible for Editor in 22.52 ms, found 0 plugins.
Preloading 0 native plugins for Editor in 0.00 ms.
Mono: successfully reloaded assembly
- Completed reload, in  6.851 seconds
Platform modules already initialized, skipping
Registering precompiled user dll's ...
Registered in 0.000927 seconds.
Begin MonoManager ReloadAssembly
Native extension for WindowsStandalone target not found
Native extension for WebGL target not found
Refreshing native plugins compatible for Editor in 0.18 ms, found 0 plugins.
Preloading 0 native plugins for Editor in 0.00 ms.
Mono: successfully reloaded assembly
- Completed reload, in  0.770 seconds
Platform modules already initialized, skipping
========================================================================
Worker process is ready to serve import requests
Launched and connected shader compiler UnityShaderCompiler.exe after 0.23 seconds
Refreshing native plugins compatible for Editor in 0.18 ms, found 0 plugins.
Preloading 0 native plugins for Editor in 0.00 ms.
Unloading 1115 Unused Serialized files (Serialized files now loaded: 0)
System memory in use before: 57.5 MB.
System memory in use after: 57.5 MB.

Unloading 10 unused Assets to reduce memory usage. Loaded Objects now: 1557.
Total: 1.479800 ms (FindLiveObjects: 0.128700 ms CreateObjectMapping: 0.028500 ms MarkObjects: 1.257800 ms  DeleteObjects: 0.063800 ms)

========================================================================
Received Import Request.
  path: Assets
  artifactKey: Guid(00000000000000001000000000000000) Importer(815301076,1909f56bfc062723c751e8b465ee728b)
Start importing Assets using Guid(00000000000000001000000000000000) Importer(815301076,1909f56bfc062723c751e8b465ee728b)  -> (artifact id: '42d402b061de3733987d63b9cc3b64de') in 0.010812 seconds
  Import took 0.022919 seconds .

========================================================================
Received Prepare
Registering precompiled user dll's ...
Registered in 0.011939 seconds.
Begin MonoManager ReloadAssembly
Native extension for WindowsStandalone target not found
Native extension for WebGL target not found
Refreshing native plugins compatible for Editor in 0.35 ms, found 1 plugins.
Preloading 0 native plugins for Editor in 0.00 ms.
Mono: successfully reloaded assembly
- Completed reload, in  0.891 seconds
Platform modules already initialized, skipping
Refreshing native plugins compatible for Editor in 0.27 ms, found 1 plugins.
Preloading 0 native plugins for Editor in 0.00 ms.
Unloading 1126 Unused Serialized files (Serialized files now loaded: 0)
System memory in use before: 58.5 MB.
System memory in use after: 58.6 MB.

Unloading 21 unused Assets to reduce memory usage. Loaded Objects now: 1645.
Total: 1.584600 ms (FindLiveObjects: 0.128000 ms CreateObjectMapping: 0.027400 ms MarkObjects: 1.377100 ms  DeleteObjects: 0.051100 ms)

========================================================================
Received Import Request.
  Time since last request: 988.150681 seconds.
  path: Assets/GAME
  artifactKey: Guid(fc23ea37c08ae2541ad947808a1d0b08) Importer(815301076,1909f56bfc062723c751e8b465ee728b)
Start importing Assets/GAME using Guid(fc23ea37c08ae2541ad947808a1d0b08) Importer(815301076,1909f56bfc062723c751e8b465ee728b)  -> (artifact id: '40912a66f18468ec439d389d17ec30f8') in 0.013859 seconds
  Import took 0.016295 seconds .

========================================================================
Received Import Request.
  Time since last request: 9.721310 seconds.
  path: Assets/New Folder
  artifactKey: Guid(bb5b358103703704fa2480527e2b4835) Importer(815301076,1909f56bfc062723c751e8b465ee728b)
Start importing Assets/New Folder using Guid(bb5b358103703704fa2480527e2b4835) Importer(815301076,1909f56bfc062723c751e8b465ee728b)  -> (artifact id: '27d233e49ce8673ddb42d2bf19ddbc9a') in 0.012313 seconds
  Import took 0.014842 seconds .

========================================================================
Received Import Request.
  Time since last request: 6.195781 seconds.
  path: Assets/ART
  artifactKey: Guid(bb5b358103703704fa2480527e2b4835) Importer(815301076,1909f56bfc062723c751e8b465ee728b)
Start importing Assets/ART using Guid(bb5b358103703704fa2480527e2b4835) Importer(815301076,1909f56bfc062723c751e8b465ee728b)  -> (artifact id: 'ddbffae736d9928ec29bfaf71e15e919') in 0.011211 seconds
  Import took 0.013374 seconds .

========================================================================
Received Import Request.
  Time since last request: 1.918488 seconds.
  path: Assets/Scenes
  artifactKey: Guid(1fb16f93ca1fd3e4b89af6e8bf69e743) Importer(815301076,1909f56bfc062723c751e8b465ee728b)
Start importing Assets/Scenes using Guid(1fb16f93ca1fd3e4b89af6e8bf69e743) Importer(815301076,1909f56bfc062723c751e8b465ee728b)  -> (artifact id: '7cf67758d93948f73c8eb4abbfe8613f') in 0.012670 seconds
  Import took 0.014965 seconds .

========================================================================
Received Import Request.
  Time since last request: 8.510497 seconds.
  path: Assets/GAME/START
  artifactKey: Guid(3ed2ad69f45e654418d70ae19aff83be) Importer(815301076,1909f56bfc062723c751e8b465ee728b)
Start importing Assets/GAME/START using Guid(3ed2ad69f45e654418d70ae19aff83be) Importer(815301076,1909f56bfc062723c751e8b465ee728b)  -> (artifact id: '1ef5ab3165ca8258ded0ac71b6898eba') in 0.011089 seconds
  Import took 0.013965 seconds .

========================================================================
Received Import Request.
  Time since last request: 9.245685 seconds.
  path: Assets/GAME/FIN
  artifactKey: Guid(3037a1966a0ac7c48be318b4f1879e54) Importer(815301076,1909f56bfc062723c751e8b465ee728b)
Start importing Assets/GAME/FIN using Guid(3037a1966a0ac7c48be318b4f1879e54) Importer(815301076,1909f56bfc062723c751e8b465ee728b)  -> (artifact id: '70c7f4acfeaf42250bb117a77f6b11b2') in 0.012387 seconds
  Import took 0.014570 seconds .

========================================================================
Received Import Request.
  Time since last request: 49.310966 seconds.
  path: Assets/GAME/TESTS
  artifactKey: Guid(20ddc2c2be28e24458f1f99277ee02cd) Importer(815301076,1909f56bfc062723c751e8b465ee728b)
Start importing Assets/GAME/TESTS using Guid(20ddc2c2be28e24458f1f99277ee02cd) Importer(815301076,1909f56bfc062723c751e8b465ee728b)  -> (artifact id: '2cdc1ecdef672592ac9a3b070c5d2467') in 0.012265 seconds
  Import took 0.014088 seconds .

========================================================================
Received Import Request.
  Time since last request: 22.068753 seconds.
  path: Assets/GAME/TESTS/bob
  artifactKey: Guid(a01b7cdfd92e0414f8948a04d816f2b8) Importer(815301076,1909f56bfc062723c751e8b465ee728b)
Start importing Assets/GAME/TESTS/bob using Guid(a01b7cdfd92e0414f8948a04d816f2b8) Importer(815301076,1909f56bfc062723c751e8b465ee728b)  -> (artifact id: 'edd086445750f1650f358288a0234a8c') in 0.014421 seconds
  Import took 0.017376 seconds .

========================================================================
Received Import Request.
  Time since last request: 5.183010 seconds.
  path: Assets/GAME/START/bob
  artifactKey: Guid(7d8a4f59bb5ffc3449cb5b7b70055559) Importer(815301076,1909f56bfc062723c751e8b465ee728b)
Start importing Assets/GAME/START/bob using Guid(7d8a4f59bb5ffc3449cb5b7b70055559) Importer(815301076,1909f56bfc062723c751e8b465ee728b)  -> (artifact id: '3d8ed684031750b274ce5bde8d552dfd') in 0.005737 seconds
  Import took 0.008934 seconds .

========================================================================
Received Import Request.
  Time since last request: 16.219811 seconds.
  path: Assets/GAME/TESTS/Bob.cs
  artifactKey: Guid(392cecb3bb5354a46be0fd51bd52eb2e) Importer(815301076,1909f56bfc062723c751e8b465ee728b)
Start importing Assets/GAME/TESTS/Bob.cs using Guid(392cecb3bb5354a46be0fd51bd52eb2e) Importer(815301076,1909f56bfc062723c751e8b465ee728b)  -> (artifact id: '4a4b635883ee95dfa92f2c93c0e88f93') in 0.086081 seconds
  Import took 0.088922 seconds .

========================================================================
Received Prepare
Registering precompiled user dll's ...
Registered in 0.010785 seconds.
Begin MonoManager ReloadAssembly
Native extension for WindowsStandalone target not found
Native extension for WebGL target not found
Refreshing native plugins compatible for Editor in 0.30 ms, found 1 plugins.
Preloading 0 native plugins for Editor in 0.00 ms.
Mono: successfully reloaded assembly
- Completed reload, in  0.962 seconds
Platform modules already initialized, skipping
Refreshing native plugins compatible for Editor in 0.30 ms, found 1 plugins.
Preloading 0 native plugins for Editor in 0.00 ms.
Unloading 1127 Unused Serialized files (Serialized files now loaded: 0)
System memory in use before: 58.6 MB.
System memory in use after: 58.6 MB.

Unloading 21 unused Assets to reduce memory usage. Loaded Objects now: 1649.
Total: 1.895600 ms (FindLiveObjects: 0.133500 ms CreateObjectMapping: 0.032800 ms MarkObjects: 1.635800 ms  DeleteObjects: 0.091800 ms)

========================================================================
Received Import Request.
  Time since last request: 11.387652 seconds.
  path: Assets/GAME/START/Bob.cs
  artifactKey: Guid(f542bccee43b32a4193887cb8cb0409e) Importer(815301076,1909f56bfc062723c751e8b465ee728b)
Start importing Assets/GAME/START/Bob.cs using Guid(f542bccee43b32a4193887cb8cb0409e) Importer(815301076,1909f56bfc062723c751e8b465ee728b)  -> (artifact id: 'adbbd758df73a95d01bae5ff6ec9652d') in 0.011226 seconds
  Import took 0.014773 seconds .

========================================================================
Received Prepare
Registering precompiled user dll's ...
Registered in 0.014063 seconds.
Begin MonoManager ReloadAssembly
Native extension for WindowsStandalone target not found
Native extension for WebGL target not found
Refreshing native plugins compatible for Editor in 0.38 ms, found 1 plugins.
Preloading 0 native plugins for Editor in 0.00 ms.
Mono: successfully reloaded assembly
- Completed reload, in  0.882 seconds
Platform modules already initialized, skipping
Refreshing native plugins compatible for Editor in 0.30 ms, found 1 plugins.
Preloading 0 native plugins for Editor in 0.00 ms.
Unloading 1127 Unused Serialized files (Serialized files now loaded: 0)
System memory in use before: 58.6 MB.
System memory in use after: 58.7 MB.

Unloading 22 unused Assets to reduce memory usage. Loaded Objects now: 1652.
Total: 1.730800 ms (FindLiveObjects: 0.164600 ms CreateObjectMapping: 0.039900 ms MarkObjects: 1.456800 ms  DeleteObjects: 0.068300 ms)

========================================================================
Received Prepare
Registering precompiled user dll's ...
Registered in 0.013432 seconds.
Begin MonoManager ReloadAssembly
Native extension for WindowsStandalone target not found
Native extension for WebGL target not found
Refreshing native plugins compatible for Editor in 0.56 ms, found 1 plugins.
Preloading 0 native plugins for Editor in 0.00 ms.
Mono: successfully reloaded assembly
- Completed reload, in  0.974 seconds
Platform modules already initialized, skipping
Refreshing native plugins compatible for Editor in 0.37 ms, found 1 plugins.
Preloading 0 native plugins for Editor in 0.00 ms.
Unloading 1126 Unused Serialized files (Serialized files now loaded: 0)
System memory in use before: 58.6 MB.
System memory in use after: 58.6 MB.

Unloading 22 unused Assets to reduce memory usage. Loaded Objects now: 1654.
Total: 1.782400 ms (FindLiveObjects: 0.200600 ms CreateObjectMapping: 0.069800 ms MarkObjects: 1.461600 ms  DeleteObjects: 0.049100 ms)

========================================================================
Received Import Request.
  Time since last request: 22.813366 seconds.
  path: Assets/GAME/TESTS/Scenes/SampleScene.unity
  artifactKey: Guid(9fc0d4010bbf28b4594072e72b8655ab) Importer(815301076,1909f56bfc062723c751e8b465ee728b)
Start importing Assets/GAME/TESTS/Scenes/SampleScene.unity using Guid(9fc0d4010bbf28b4594072e72b8655ab) Importer(815301076,1909f56bfc062723c751e8b465ee728b)  -> (artifact id: '85059f4f9e1a832ed95adaa0d25c5c4c') in 0.019818 seconds
  Import took 0.022025 seconds .

========================================================================
Received Import Request.
  Time since last request: 21.302199 seconds.
  path: Assets/GAME/TESTS/Scenes/MotionTest.unity
  artifactKey: Guid(71693b08525c97347a5f09aa466cbb51) Importer(815301076,1909f56bfc062723c751e8b465ee728b)
Start importing Assets/GAME/TESTS/Scenes/MotionTest.unity using Guid(71693b08525c97347a5f09aa466cbb51) Importer(815301076,1909f56bfc062723c751e8b465ee728b)  -> (artifact id: '0f3e954c6921a394f6fc09318b56b27d') in 0.010313 seconds
  Import took 0.012250 seconds .

========================================================================
Received Import Request.
  Time since last request: 17.003878 seconds.
  path: Assets/PolygonStarter/Models/SM_Bean_Cop_01.fbx
  artifactKey: Guid(c89a73caf26194948b5a891401eaf18e) Importer(815301076,1909f56bfc062723c751e8b465ee728b)
Start importing Assets/PolygonStarter/Models/SM_Bean_Cop_01.fbx using Guid(c89a73caf26194948b5a891401eaf18e) Importer(815301076,1909f56bfc062723c751e8b465ee728b)  -> (artifact id: '685748689ca51a9490b19c307886a25d') in 0.199130 seconds
  Import took 0.200904 seconds .

========================================================================
Received Import Request.
  Time since last request: 4.092355 seconds.
  path: Assets/PolygonStarter
  artifactKey: Guid(722623527e6fc6141a73f872ae2e463c) Importer(815301076,1909f56bfc062723c751e8b465ee728b)
Start importing Assets/PolygonStarter using Guid(722623527e6fc6141a73f872ae2e463c) Importer(815301076,1909f56bfc062723c751e8b465ee728b)  -> (artifact id: '73ed5b17e05898b16edd1aa1ece13605') in 0.013530 seconds
  Import took 0.015777 seconds .

========================================================================
Received Import Request.
  Time since last request: 53.538420 seconds.
  path: Assets/PolygonStarter/Models/Characters.fbx
  artifactKey: Guid(2dc7b382d25903545b405802eb2198ab) Importer(815301076,1909f56bfc062723c751e8b465ee728b)
Start importing Assets/PolygonStarter/Models/Characters.fbx using Guid(2dc7b382d25903545b405802eb2198ab) Importer(815301076,1909f56bfc062723c751e8b465ee728b)  -> (artifact id: 'bd120609b66ccf8161025b370c379d8b') in 0.187766 seconds
  Import took 0.190483 seconds .

========================================================================
Received Import Request.
  Time since last request: 7.637721 seconds.
  path: Assets/PolygonStarter/Models/SM_Bean_Cop_01.fbx
  artifactKey: Guid(c89a73caf26194948b5a891401eaf18e) Importer(815301076,1909f56bfc062723c751e8b465ee728b)
Start importing Assets/PolygonStarter/Models/SM_Bean_Cop_01.fbx using Guid(c89a73caf26194948b5a891401eaf18e) Importer(815301076,1909f56bfc062723c751e8b465ee728b)  -> (artifact id: 'ff25135361d8367706ffbb9cd00cb7e3') in 0.087514 seconds
  Import took 0.089679 seconds .

========================================================================
Received Import Request.
  Time since last request: 6.028177 seconds.
  path: Assets/PolygonStarter/Models/SM_Bean_Cop_01.fbx
  artifactKey: Guid(c89a73caf26194948b5a891401eaf18e) Importer(815301076,1909f56bfc062723c751e8b465ee728b)
Start importing Assets/PolygonStarter/Models/SM_Bean_Cop_01.fbx using Guid(c89a73caf26194948b5a891401eaf18e) Importer(815301076,1909f56bfc062723c751e8b465ee728b)  -> (artifact id: '16bb875bdc324566bebdd1d904c4bce1') in 0.050589 seconds
  Import took 0.052371 seconds .

========================================================================
Received Import Request.
  Time since last request: 6.720161 seconds.
  path: Assets/PolygonStarter/Materials/Misc
  artifactKey: Guid(c57dbbfd53a3a264292995a8a8526541) Importer(815301076,1909f56bfc062723c751e8b465ee728b)
Start importing Assets/PolygonStarter/Materials/Misc using Guid(c57dbbfd53a3a264292995a8a8526541) Importer(815301076,1909f56bfc062723c751e8b465ee728b)  -> (artifact id: 'f156f7c8940947836c189b1e173d4108') in 0.009689 seconds
  Import took 0.011908 seconds .

========================================================================
Received Import Request.
  Time since last request: 0.000888 seconds.
  path: Assets/PolygonStarter/Materials/Misc
  artifactKey: Guid(c57dbbfd53a3a264292995a8a8526541) Importer(815301076,1909f56bfc062723c751e8b465ee728b)
Start importing Assets/PolygonStarter/Materials/Misc using Guid(c57dbbfd53a3a264292995a8a8526541) Importer(815301076,1909f56bfc062723c751e8b465ee728b)  -> (artifact id: 'f156f7c8940947836c189b1e173d4108') in 0.005016 seconds
  Import took 0.007506 seconds .

========================================================================
Received Import Request.
  Time since last request: 28.194070 seconds.
  path: Assets/PolygonStarter/Prefabs
  artifactKey: Guid(4a76af20b1decd340896c06c996c2044) Importer(815301076,1909f56bfc062723c751e8b465ee728b)
Start importing Assets/PolygonStarter/Prefabs using Guid(4a76af20b1decd340896c06c996c2044) Importer(815301076,1909f56bfc062723c751e8b465ee728b)  -> (artifact id: 'b2bbef17ec367078000a18dc860b8f38') in 0.010541 seconds
  Import took 0.012722 seconds .

========================================================================
Received Import Request.
  Time since last request: 8.619013 seconds.
  path: Assets/PolygonStarter/Prefabs/SM_Generic_Ground_01.prefab
  artifactKey: Guid(fb0131aa61eef7c4d95b2efaf17614ec) Importer(815301076,1909f56bfc062723c751e8b465ee728b)
Start importing Assets/PolygonStarter/Prefabs/SM_Generic_Ground_01.prefab using Guid(fb0131aa61eef7c4d95b2efaf17614ec) Importer(815301076,1909f56bfc062723c751e8b465ee728b)  -> (artifact id: 'bd9106e9a630b18e7fda0caae5177f6a') in 0.031390 seconds
  Import took 0.033596 seconds .

========================================================================
Received Import Request.
  Time since last request: 0.007732 seconds.
  path: Assets/PolygonStarter/Prefabs/SM_Generic_Ground_01.prefab
  artifactKey: Guid(fb0131aa61eef7c4d95b2efaf17614ec) Importer(815301076,1909f56bfc062723c751e8b465ee728b)
Start importing Assets/PolygonStarter/Prefabs/SM_Generic_Ground_01.prefab using Guid(fb0131aa61eef7c4d95b2efaf17614ec) Importer(815301076,1909f56bfc062723c751e8b465ee728b)  -> (artifact id: 'bd9106e9a630b18e7fda0caae5177f6a') in 0.017508 seconds
  Import took 0.021258 seconds .

========================================================================
Received Import Request.
  Time since last request: 139.681893 seconds.
  path: Assets/PolygonStarter/Models
  artifactKey: Guid(78edfa7ec30713c4eb8b09f84a29ec1d) Importer(815301076,1909f56bfc062723c751e8b465ee728b)
Start importing Assets/PolygonStarter/Models using Guid(78edfa7ec30713c4eb8b09f84a29ec1d) Importer(815301076,1909f56bfc062723c751e8b465ee728b)  -> (artifact id: '1b5add060b8c6f005d3428eac611b4f2') in 0.014224 seconds
  Import took 0.017196 seconds .

========================================================================
Received Import Request.
  Time since last request: 64.222810 seconds.
  path: Assets/GAME/TESTS/Macros
  artifactKey: Guid(b6b1baaf39c2a0c48b112605bc535c6b) Importer(815301076,1909f56bfc062723c751e8b465ee728b)
Start importing Assets/GAME/TESTS/Macros using Guid(b6b1baaf39c2a0c48b112605bc535c6b) Importer(815301076,1909f56bfc062723c751e8b465ee728b)  -> (artifact id: '36f486bf11eb7a8faaa9aa1031225d6e') in 0.010151 seconds
  Import took 0.012756 seconds .

========================================================================
Received Import Request.
  Time since last request: 552.532576 seconds.
  path: Assets/GAME/TESTS/Scenes/MotionTest.unity
  artifactKey: Guid(71693b08525c97347a5f09aa466cbb51) Importer(815301076,1909f56bfc062723c751e8b465ee728b)
Start importing Assets/GAME/TESTS/Scenes/MotionTest.unity using Guid(71693b08525c97347a5f09aa466cbb51) Importer(815301076,1909f56bfc062723c751e8b465ee728b)  -> (artifact id: 'faf75ae4b4ac0a7f24bf432124e29de9') in 0.015164 seconds
  Import took 0.018432 seconds .

========================================================================
Received Prepare
Registering precompiled user dll's ...
Registered in 0.013059 seconds.
Begin MonoManager ReloadAssembly
Native extension for WindowsStandalone target not found
Native extension for WebGL target not found
Refreshing native plugins compatible for Editor in 0.57 ms, found 1 plugins.
Preloading 0 native plugins for Editor in 0.00 ms.
Mono: successfully reloaded assembly
- Completed reload, in  0.845 seconds
Platform modules already initialized, skipping
Refreshing native plugins compatible for Editor in 0.28 ms, found 1 plugins.
Preloading 0 native plugins for Editor in 0.00 ms.
Unloading 1126 Unused Serialized files (Serialized files now loaded: 0)
System memory in use before: 75.7 MB.
System memory in use after: 75.7 MB.

Unloading 22 unused Assets to reduce memory usage. Loaded Objects now: 1701.
Total: 1.690100 ms (FindLiveObjects: 0.195200 ms CreateObjectMapping: 0.056800 ms MarkObjects: 1.381100 ms  DeleteObjects: 0.055900 ms)

========================================================================
Received Prepare
Registering precompiled user dll's ...
Registered in 0.016667 seconds.
Begin MonoManager ReloadAssembly
Native extension for WindowsStandalone target not found
Native extension for WebGL target not found
Refreshing native plugins compatible for Editor in 0.30 ms, found 1 plugins.
Preloading 0 native plugins for Editor in 0.00 ms.
Mono: successfully reloaded assembly
- Completed reload, in  0.934 seconds
Platform modules already initialized, skipping
Refreshing native plugins compatible for Editor in 0.50 ms, found 1 plugins.
Preloading 0 native plugins for Editor in 0.00 ms.
Unloading 1126 Unused Serialized files (Serialized files now loaded: 0)
System memory in use before: 75.7 MB.
System memory in use after: 75.8 MB.

Unloading 21 unused Assets to reduce memory usage. Loaded Objects now: 1704.
Total: 1.727900 ms (FindLiveObjects: 0.137000 ms CreateObjectMapping: 0.035500 ms MarkObjects: 1.497900 ms  DeleteObjects: 0.056500 ms)

========================================================================
Received Prepare
Registering precompiled user dll's ...
Registered in 0.014646 seconds.
Begin MonoManager ReloadAssembly
Native extension for WindowsStandalone target not found
Native extension for WebGL target not found
Refreshing native plugins compatible for Editor in 0.30 ms, found 1 plugins.
Preloading 0 native plugins for Editor in 0.00 ms.
Mono: successfully reloaded assembly
- Completed reload, in  0.807 seconds
Platform modules already initialized, skipping
Refreshing native plugins compatible for Editor in 0.29 ms, found 1 plugins.
Preloading 0 native plugins for Editor in 0.00 ms.
Unloading 1126 Unused Serialized files (Serialized files now loaded: 0)
System memory in use before: 75.7 MB.
System memory in use after: 75.8 MB.

Unloading 21 unused Assets to reduce memory usage. Loaded Objects now: 1707.
Total: 1.865900 ms (FindLiveObjects: 0.226700 ms CreateObjectMapping: 0.071200 ms MarkObjects: 1.516100 ms  DeleteObjects: 0.050600 ms)

========================================================================
Received Prepare
Registering precompiled user dll's ...
Registered in 0.014952 seconds.
Begin MonoManager ReloadAssembly
Native extension for WindowsStandalone target not found
Native extension for WebGL target not found
Refreshing native plugins compatible for Editor in 0.30 ms, found 1 plugins.
Preloading 0 native plugins for Editor in 0.00 ms.
Mono: successfully reloaded assembly
- Completed reload, in  0.801 seconds
Platform modules already initialized, skipping
Refreshing native plugins compatible for Editor in 0.30 ms, found 1 plugins.
Preloading 0 native plugins for Editor in 0.00 ms.
Unloading 1126 Unused Serialized files (Serialized files now loaded: 0)
System memory in use before: 75.7 MB.
System memory in use after: 75.8 MB.

Unloading 21 unused Assets to reduce memory usage. Loaded Objects now: 1710.
Total: 1.684700 ms (FindLiveObjects: 0.135100 ms CreateObjectMapping: 0.035200 ms MarkObjects: 1.460800 ms  DeleteObjects: 0.052600 ms)

========================================================================
Received Prepare
Registering precompiled user dll's ...
Registered in 0.015408 seconds.
Begin MonoManager ReloadAssembly
Native extension for WindowsStandalone target not found
Native extension for WebGL target not found
Refreshing native plugins compatible for Editor in 0.33 ms, found 1 plugins.
Preloading 0 native plugins for Editor in 0.00 ms.
Mono: successfully reloaded assembly
- Completed reload, in  0.847 seconds
Platform modules already initialized, skipping
Refreshing native plugins compatible for Editor in 0.50 ms, found 1 plugins.
Preloading 0 native plugins for Editor in 0.00 ms.
Unloading 1126 Unused Serialized files (Serialized files now loaded: 0)
System memory in use before: 75.7 MB.
System memory in use after: 75.8 MB.

Unloading 21 unused Assets to reduce memory usage. Loaded Objects now: 1713.
Total: 1.708300 ms (FindLiveObjects: 0.132600 ms CreateObjectMapping: 0.032800 ms MarkObjects: 1.491300 ms  DeleteObjects: 0.050700 ms)

========================================================================
Received Prepare
Registering precompiled user dll's ...
Registered in 0.013739 seconds.
Begin MonoManager ReloadAssembly
Native extension for WindowsStandalone target not found
Native extension for WebGL target not found
Refreshing native plugins compatible for Editor in 0.30 ms, found 1 plugins.
Preloading 0 native plugins for Editor in 0.00 ms.
Mono: successfully reloaded assembly
- Completed reload, in  0.818 seconds
Platform modules already initialized, skipping
Refreshing native plugins compatible for Editor in 0.29 ms, found 1 plugins.
Preloading 0 native plugins for Editor in 0.00 ms.
Unloading 1126 Unused Serialized files (Serialized files now loaded: 0)
System memory in use before: 75.7 MB.
System memory in use after: 75.8 MB.

Unloading 21 unused Assets to reduce memory usage. Loaded Objects now: 1716.
Total: 1.539400 ms (FindLiveObjects: 0.124200 ms CreateObjectMapping: 0.039800 ms MarkObjects: 1.329100 ms  DeleteObjects: 0.045400 ms)

========================================================================
Received Prepare
Registering precompiled user dll's ...
Registered in 0.013344 seconds.
Begin MonoManager ReloadAssembly
Native extension for WindowsStandalone target not found
Native extension for WebGL target not found
Refreshing native plugins compatible for Editor in 0.29 ms, found 1 plugins.
Preloading 0 native plugins for Editor in 0.00 ms.
Mono: successfully reloaded assembly
- Completed reload, in  0.825 seconds
Platform modules already initialized, skipping
Refreshing native plugins compatible for Editor in 0.49 ms, found 1 plugins.
Preloading 0 native plugins for Editor in 0.00 ms.
Unloading 1126 Unused Serialized files (Serialized files now loaded: 0)
System memory in use before: 75.7 MB.
System memory in use after: 75.8 MB.

Unloading 21 unused Assets to reduce memory usage. Loaded Objects now: 1719.
Total: 1.698000 ms (FindLiveObjects: 0.133500 ms CreateObjectMapping: 0.034100 ms MarkObjects: 1.478100 ms  DeleteObjects: 0.051300 ms)

========================================================================
Received Prepare
Registering precompiled user dll's ...
Registered in 0.013778 seconds.
Begin MonoManager ReloadAssembly
Native extension for WindowsStandalone target not found
Native extension for WebGL target not found
Refreshing native plugins compatible for Editor in 0.30 ms, found 1 plugins.
Preloading 0 native plugins for Editor in 0.00 ms.
Mono: successfully reloaded assembly
- Completed reload, in  0.848 seconds
Platform modules already initialized, skipping
Refreshing native plugins compatible for Editor in 0.32 ms, found 1 plugins.
Preloading 0 native plugins for Editor in 0.00 ms.
Unloading 1126 Unused Serialized files (Serialized files now loaded: 0)
System memory in use before: 75.7 MB.
System memory in use after: 75.8 MB.

Unloading 21 unused Assets to reduce memory usage. Loaded Objects now: 1722.
Total: 1.599400 ms (FindLiveObjects: 0.122800 ms CreateObjectMapping: 0.030800 ms MarkObjects: 1.400600 ms  DeleteObjects: 0.044400 ms)

========================================================================
Received Prepare
Registering precompiled user dll's ...
Registered in 0.013077 seconds.
Begin MonoManager ReloadAssembly
Native extension for WindowsStandalone target not found
Native extension for WebGL target not found
Refreshing native plugins compatible for Editor in 0.30 ms, found 1 plugins.
Preloading 0 native plugins for Editor in 0.00 ms.
Mono: successfully reloaded assembly
- Completed reload, in  1.021 seconds
Platform modules already initialized, skipping
Refreshing native plugins compatible for Editor in 0.56 ms, found 1 plugins.
Preloading 0 native plugins for Editor in 0.00 ms.
Unloading 1126 Unused Serialized files (Serialized files now loaded: 0)
System memory in use before: 75.7 MB.
System memory in use after: 75.8 MB.

Unloading 21 unused Assets to reduce memory usage. Loaded Objects now: 1725.
Total: 1.520600 ms (FindLiveObjects: 0.147400 ms CreateObjectMapping: 0.037200 ms MarkObjects: 1.287400 ms  DeleteObjects: 0.047700 ms)

========================================================================
Received Prepare
Registering precompiled user dll's ...
Registered in 0.014649 seconds.
Begin MonoManager ReloadAssembly
Native extension for WindowsStandalone target not found
Native extension for WebGL target not found
Refreshing native plugins compatible for Editor in 0.31 ms, found 1 plugins.
Preloading 0 native plugins for Editor in 0.00 ms.
Mono: successfully reloaded assembly
- Completed reload, in  0.841 seconds
Platform modules already initialized, skipping
Refreshing native plugins compatible for Editor in 0.51 ms, found 1 plugins.
Preloading 0 native plugins for Editor in 0.00 ms.
Unloading 1126 Unused Serialized files (Serialized files now loaded: 0)
System memory in use before: 75.7 MB.
System memory in use after: 75.8 MB.

Unloading 21 unused Assets to reduce memory usage. Loaded Objects now: 1728.
Total: 1.593800 ms (FindLiveObjects: 0.129800 ms CreateObjectMapping: 0.031000 ms MarkObjects: 1.382300 ms  DeleteObjects: 0.049700 ms)

========================================================================
Received Prepare
Registering precompiled user dll's ...
Registered in 0.013160 seconds.
Begin MonoManager ReloadAssembly
Native extension for WindowsStandalone target not found
Native extension for WebGL target not found
Refreshing native plugins compatible for Editor in 0.30 ms, found 1 plugins.
Preloading 0 native plugins for Editor in 0.00 ms.
Mono: successfully reloaded assembly
- Completed reload, in  0.831 seconds
Platform modules already initialized, skipping
Refreshing native plugins compatible for Editor in 0.29 ms, found 1 plugins.
Preloading 0 native plugins for Editor in 0.00 ms.
Unloading 1126 Unused Serialized files (Serialized files now loaded: 0)
System memory in use before: 75.7 MB.
System memory in use after: 75.8 MB.

Unloading 21 unused Assets to reduce memory usage. Loaded Objects now: 1731.
Total: 1.587100 ms (FindLiveObjects: 0.144700 ms CreateObjectMapping: 0.034600 ms MarkObjects: 1.360500 ms  DeleteObjects: 0.046300 ms)

========================================================================
Received Prepare
Registering precompiled user dll's ...
Registered in 0.016008 seconds.
Begin MonoManager ReloadAssembly
Native extension for WindowsStandalone target not found
Native extension for WebGL target not found
Refreshing native plugins compatible for Editor in 0.31 ms, found 1 plugins.
Preloading 0 native plugins for Editor in 0.00 ms.
Mono: successfully reloaded assembly
- Completed reload, in  0.872 seconds
Platform modules already initialized, skipping
Refreshing native plugins compatible for Editor in 0.29 ms, found 1 plugins.
Preloading 0 native plugins for Editor in 0.00 ms.
Unloading 1126 Unused Serialized files (Serialized files now loaded: 0)
System memory in use before: 75.7 MB.
System memory in use after: 75.8 MB.

Unloading 21 unused Assets to reduce memory usage. Loaded Objects now: 1734.
Total: 1.626100 ms (FindLiveObjects: 0.143600 ms CreateObjectMapping: 0.032700 ms MarkObjects: 1.396500 ms  DeleteObjects: 0.051800 ms)

========================================================================
Received Prepare
Registering precompiled user dll's ...
Registered in 0.013196 seconds.
Begin MonoManager ReloadAssembly
Native extension for WindowsStandalone target not found
Native extension for WebGL target not found
Refreshing native plugins compatible for Editor in 0.36 ms, found 1 plugins.
Preloading 0 native plugins for Editor in 0.00 ms.
Mono: successfully reloaded assembly
- Completed reload, in  0.868 seconds
Platform modules already initialized, skipping
Refreshing native plugins compatible for Editor in 0.29 ms, found 1 plugins.
Preloading 0 native plugins for Editor in 0.00 ms.
Unloading 1126 Unused Serialized files (Serialized files now loaded: 0)
System memory in use before: 75.7 MB.
System memory in use after: 75.8 MB.

Unloading 21 unused Assets to reduce memory usage. Loaded Objects now: 1737.
Total: 2.152900 ms (FindLiveObjects: 0.325000 ms CreateObjectMapping: 0.154900 ms MarkObjects: 1.617200 ms  DeleteObjects: 0.054600 ms)

AssetImportWorkerClient::OnTransportError - code=2 error=End of file
